<?xml version="1.0" encoding="utf-8"?><testsuites name="pytest tests"><testsuite name="pytest" errors="0" failures="0" skipped="0" tests="3" time="1.152" timestamp="2026-03-25T18:37:52.590517+00:00" hostname="agent-env-7f485462-61c1-4276-b9b6-958827663cec"><testcase classname="backend.tests.test_iteration2" name="test_verified_contractor_fee_public" time="0.132" /><testcase classname="backend.tests.test_iteration2" name="test_create_verified_contractor_session" time="0.513" /><testcase classname="backend.tests.test_iteration2" name="test_coupon_test_endpoint" time="0.459" /></testsuite></testsuites>