<?xml version="1.0" encoding="utf-8"?><testsuites name="pytest tests"><testsuite name="pytest" errors="0" failures="0" skipped="3" tests="6" time="0.769" timestamp="2026-03-25T18:46:23.118085+00:00" hostname="agent-env-7f485462-61c1-4276-b9b6-958827663cec"><testcase classname="backend.tests.test_new_features.TestVerifiedContractorFee" name="test_get_verified_fee_returns_fee" time="0.206" /><testcase classname="backend.tests.test_new_features.TestAdminRevokeVerified" name="test_revoke_verified_with_note" time="0.498"><skipped type="pytest.skip" message="Contractor not found">/app/backend/tests/test_new_features.py:55: Contractor not found</skipped></testcase><testcase classname="backend.tests.test_new_features.TestAdminRevokeVerified" name="test_revoke_note_stored_in_db" time="0.000"><skipped type="pytest.skip" message="Contractor not found">/app/backend/tests/test_new_features.py:74: Contractor not found</skipped></testcase><testcase classname="backend.tests.test_new_features.TestAdminRevokeVerified" name="test_grant_verified_back" time="0.000"><skipped type="pytest.skip" message="Contractor not found">/app/backend/tests/test_new_features.py:84: Contractor not found</skipped></testcase><testcase classname="backend.tests.test_new_features.TestEmailFunctions" name="test_send_verified_contractor_email_exists" time="0.011" /><testcase classname="backend.tests.test_new_features.TestEmailFunctions" name="test_send_revoke_verified_email_exists" time="0.000" /></testsuite></testsuites>